Using pre-set license
Built from '2020.3/release' branch; Version is '2020.3.12f1 (b3b2c6512326) revision 11776710'; Using compiler version '192528614'; Build Type 'Release'
OS: 'Windows 10 Home; OS build 19042.1052; Version 2009; 64bit' Language: 'zh' Physical Memory: 24496 MB
BatchMode: 1, IsHumanControllingUs: 0, StartBugReporterOnCrash: 0, Is64bit: 1, IsPro: 0

 COMMAND LINE ARGUMENTS:
C:\Program Files\Unity\Hub\Editor\2020.3.12f1\Editor\Unity.exe
-adb2
-batchMode
-noUpm
-name
AssetImportWorker0
-projectPath
C:/Users/starr/Documents/GitHub/Unity-2021.06.26-Homework/Unity 2021.06.26 Homework
-logFile
Logs/AssetImportWorker0.log
-srvPort
62983
Successfully changed project path to: C:/Users/starr/Documents/GitHub/Unity-2021.06.26-Homework/Unity 2021.06.26 Homework
C:/Users/starr/Documents/GitHub/Unity-2021.06.26-Homework/Unity 2021.06.26 Homework
Using Asset Import Pipeline V2.
Refreshing native plugins compatible for Editor in 38.28 ms, found 3 plugins.
Preloading 0 native plugins for Editor in 0.00 ms.
Initialize engine version: 2020.3.12f1 (b3b2c6512326)
[Subsystems] Discovering subsystems at path C:/Program Files/Unity/Hub/Editor/2020.3.12f1/Editor/Data/Resources/UnitySubsystems
[Subsystems] Discovering subsystems at path C:/Users/starr/Documents/GitHub/Unity-2021.06.26-Homework/Unity 2021.06.26 Homework/Assets
GfxDevice: creating device client; threaded=0
Direct3D:
    Version:  Direct3D 11.0 [level 11.1]
    Renderer: NVIDIA GeForce GTX 1660 Ti (ID=0x2191)
    Vendor:   
    VRAM:     5991 MB
    Driver:   27.21.14.5749
Initialize mono
Mono path[0] = 'C:/Program Files/Unity/Hub/Editor/2020.3.12f1/Editor/Data/Managed'
Mono path[1] = 'C:/Program Files/Unity/Hub/Editor/2020.3.12f1/Editor/Data/MonoBleedingEdge/lib/mono/unityjit'
Mono config path = 'C:/Program Files/Unity/Hub/Editor/2020.3.12f1/Editor/Data/MonoBleedingEdge/etc'
Using monoOptions --debugger-agent=transport=dt_socket,embedding=1,server=y,suspend=n,address=127.0.0.1:56600
Begin MonoManager ReloadAssembly
Registering precompiled unity dll's ...
Register platform support module: C:/Program Files/Unity/Hub/Editor/2020.3.12f1/Editor/Data/PlaybackEngines/WindowsStandaloneSupport/UnityEditor.WindowsStandalone.Extensions.dll
Registered in 0.001503 seconds.
Native extension for WindowsStandalone target not found
Refreshing native plugins compatible for Editor in 38.81 ms, found 3 plugins.
Preloading 0 native plugins for Editor in 0.00 ms.
Mono: successfully reloaded assembly
- Completed reload, in  0.855 seconds
Platform modules already initialized, skipping
Registering precompiled user dll's ...
Registered in 0.003139 seconds.
Begin MonoManager ReloadAssembly
Native extension for WindowsStandalone target not found
Refreshing native plugins compatible for Editor in 37.03 ms, found 3 plugins.
Preloading 0 native plugins for Editor in 0.00 ms.
Mono: successfully reloaded assembly
- Completed reload, in  1.001 seconds
Platform modules already initialized, skipping
========================================================================
Worker process is ready to serve import requests
Launched and connected shader compiler UnityShaderCompiler.exe after 0.03 seconds
Refreshing native plugins compatible for Editor in 0.45 ms, found 3 plugins.
Preloading 0 native plugins for Editor in 0.00 ms.
Unloading 2080 Unused Serialized files (Serialized files now loaded: 0)
System memory in use before: 94.3 MB.
System memory in use after: 94.3 MB.

Unloading 33 unused Assets to reduce memory usage. Loaded Objects now: 2520.
Total: 2.283500 ms (FindLiveObjects: 0.187400 ms CreateObjectMapping: 0.064400 ms MarkObjects: 1.917700 ms  DeleteObjects: 0.113300 ms)

AssetImportParameters requested are different than current active one (requested -> active):
  custom:framework-win-MediaFoundation: 216162199b28c13a410421893ffa2e32 -> 
  custom:video-decoder-ogg-theora: a1e56fd34408186e4bbccfd4996cb3dc -> 
  custom:container-muxer-webm: aa71ff27fc2769a1b78a27578f13a17b -> 
  custom:container-demuxer-webm: 4f35f7cbe854078d1ac9338744f61a02 -> 
  custom:container-demuxer-ogg: 62fdf1f143b41e24485cea50d1cbac27 -> 
  custom:video-encoder-webm-vp8: eb34c28f22e8b96e1ab97ce403110664 -> 
  custom:video-codec-MediaFoundation-h265: 746d11721c4dcdbdad8f713fa42b33f4 -> 
  custom:video-decoder-webm-vp8: 9c59270c3fd7afecdb556c50c9e8de78 -> 
  custom:audio-decoder-ogg-vorbis: bf7c407c2cedff20999df2af8eb42d56 -> 
  custom:audio-encoder-webm-vorbis: bf7c407c2cedff20999df2af8eb42d56 -> 
========================================================================
Received Import Request.
  path: Assets/PICTURE/Ghost.jpg
  artifactKey: Guid(5f420ccd7d2db384cb77d9314b611755) Importer(815301076,1909f56bfc062723c751e8b465ee728b)
Start importing Assets/PICTURE/Ghost.jpg using Guid(5f420ccd7d2db384cb77d9314b611755) Importer(815301076,1909f56bfc062723c751e8b465ee728b)  -> (artifact id: '3c45096edec64280004ca4a014354b0e') in 0.114784 seconds 
  Import took 0.117622 seconds .

========================================================================
Received Import Request.
  Time since last request: 27.253412 seconds.
  path: Assets/素材/毛筆.ttf
  artifactKey: Guid(7acafb7739efe5a4da928eb585e98abb) Importer(815301076,1909f56bfc062723c751e8b465ee728b)
Start importing Assets/素材/毛筆.ttf using Guid(7acafb7739efe5a4da928eb585e98abb) Importer(815301076,1909f56bfc062723c751e8b465ee728b)  -> (artifact id: '293ba3f5ef4159f065947bd393629a55') in 0.048686 seconds 
  Import took 0.052092 seconds .

========================================================================
Received Import Request.
  Time since last request: 140.263466 seconds.
  path: Assets/素材/選單背景.mat
  artifactKey: Guid(f4e798764ae763644ba64b07a0b86ffc) Importer(815301076,1909f56bfc062723c751e8b465ee728b)
Start importing Assets/素材/選單背景.mat using Guid(f4e798764ae763644ba64b07a0b86ffc) Importer(815301076,1909f56bfc062723c751e8b465ee728b)  -> (artifact id: '8e4604fd1070920f359f7d1a1938fd9e') in 0.036802 seconds 
  Import took 0.040222 seconds .

AssetImportWorkerClient::OnTransportError - code=2 error=End of file
